2019-09-24 12:49:38,565 DEBUG    root            Loaded Command Group: [u'gcloud', u'components']
2019-09-24 12:49:38,571 DEBUG    root            Loaded Command Group: [u'gcloud', u'components', u'update']
2019-09-24 12:49:38,573 DEBUG    root            Running [gcloud.components.update] with arguments: [--allow-no-backup: "True", --quiet: "True", COMPONENT-IDS:5: "[u'core', u'gcloud-deps', u'bq', u'gcloud', u'gsutil']"]
2019-09-24 12:49:38,710 INFO     ___FILE_ONLY___ 

2019-09-24 12:49:38,711 INFO     ___FILE_ONLY___ 
Your current Cloud SDK version is: 263.0.0

2019-09-24 12:49:38,711 INFO     ___FILE_ONLY___ Installing components from version: 263.0.0

2019-09-24 12:49:38,711 INFO     ___FILE_ONLY___ 

2019-09-24 12:49:38,718 INFO     ___FILE_ONLY___ ┌────────────────────────────────────────────────────────────────────────────┐
2019-09-24 12:49:38,719 INFO     ___FILE_ONLY___ 

2019-09-24 12:49:38,719 INFO     ___FILE_ONLY___ │                    These components will be installed.                     │
2019-09-24 12:49:38,719 INFO     ___FILE_ONLY___ 

2019-09-24 12:49:38,719 INFO     ___FILE_ONLY___ ├─────────────────────────────────────────────────────┬────────────┬─────────┤
2019-09-24 12:49:38,719 INFO     ___FILE_ONLY___ 

2019-09-24 12:49:38,719 INFO     ___FILE_ONLY___ │                         Name                        │  Version   │   Size  │
2019-09-24 12:49:38,720 INFO     ___FILE_ONLY___ 

2019-09-24 12:49:38,720 INFO     ___FILE_ONLY___ ├─────────────────────────────────────────────────────┼────────────┼─────────┤
2019-09-24 12:49:38,720 INFO     ___FILE_ONLY___ 

2019-09-24 12:49:38,720 INFO     ___FILE_ONLY___ │ 
2019-09-24 12:49:38,720 INFO     ___FILE_ONLY___ BigQuery Command Line Tool                         
2019-09-24 12:49:38,720 INFO     ___FILE_ONLY___  
2019-09-24 12:49:38,720 INFO     ___FILE_ONLY___ │ 
2019-09-24 12:49:38,721 INFO     ___FILE_ONLY___     2.0.47
2019-09-24 12:49:38,721 INFO     ___FILE_ONLY___  
2019-09-24 12:49:38,721 INFO     ___FILE_ONLY___ │ 
2019-09-24 12:49:38,721 INFO     ___FILE_ONLY___ < 1 MiB
2019-09-24 12:49:38,721 INFO     ___FILE_ONLY___  
2019-09-24 12:49:38,721 INFO     ___FILE_ONLY___ │
2019-09-24 12:49:38,721 INFO     ___FILE_ONLY___ 

2019-09-24 12:49:38,721 INFO     ___FILE_ONLY___ │ 
2019-09-24 12:49:38,721 INFO     ___FILE_ONLY___ BigQuery Command Line Tool (Platform Specific)     
2019-09-24 12:49:38,722 INFO     ___FILE_ONLY___  
2019-09-24 12:49:38,722 INFO     ___FILE_ONLY___ │ 
2019-09-24 12:49:38,722 INFO     ___FILE_ONLY___     2.0.46
2019-09-24 12:49:38,722 INFO     ___FILE_ONLY___  
2019-09-24 12:49:38,722 INFO     ___FILE_ONLY___ │ 
2019-09-24 12:49:38,722 INFO     ___FILE_ONLY___ < 1 MiB
2019-09-24 12:49:38,722 INFO     ___FILE_ONLY___  
2019-09-24 12:49:38,722 INFO     ___FILE_ONLY___ │
2019-09-24 12:49:38,722 INFO     ___FILE_ONLY___ 

2019-09-24 12:49:38,722 INFO     ___FILE_ONLY___ │ 
2019-09-24 12:49:38,723 INFO     ___FILE_ONLY___ Cloud SDK Core Libraries (Platform Specific)       
2019-09-24 12:49:38,723 INFO     ___FILE_ONLY___  
2019-09-24 12:49:38,723 INFO     ___FILE_ONLY___ │ 
2019-09-24 12:49:38,723 INFO     ___FILE_ONLY___ 2019.08.16
2019-09-24 12:49:38,723 INFO     ___FILE_ONLY___  
2019-09-24 12:49:38,723 INFO     ___FILE_ONLY___ │ 
2019-09-24 12:49:38,723 INFO     ___FILE_ONLY___ < 1 MiB
2019-09-24 12:49:38,723 INFO     ___FILE_ONLY___  
2019-09-24 12:49:38,723 INFO     ___FILE_ONLY___ │
2019-09-24 12:49:38,724 INFO     ___FILE_ONLY___ 

2019-09-24 12:49:38,724 INFO     ___FILE_ONLY___ │ 
2019-09-24 12:49:38,724 INFO     ___FILE_ONLY___ Cloud Storage Command Line Tool                    
2019-09-24 12:49:38,724 INFO     ___FILE_ONLY___  
2019-09-24 12:49:38,724 INFO     ___FILE_ONLY___ │ 
2019-09-24 12:49:38,724 INFO     ___FILE_ONLY___       4.42
2019-09-24 12:49:38,724 INFO     ___FILE_ONLY___  
2019-09-24 12:49:38,724 INFO     ___FILE_ONLY___ │ 
2019-09-24 12:49:38,724 INFO     ___FILE_ONLY___ 3.6 MiB
2019-09-24 12:49:38,724 INFO     ___FILE_ONLY___  
2019-09-24 12:49:38,724 INFO     ___FILE_ONLY___ │
2019-09-24 12:49:38,725 INFO     ___FILE_ONLY___ 

2019-09-24 12:49:38,725 INFO     ___FILE_ONLY___ │ 
2019-09-24 12:49:38,725 INFO     ___FILE_ONLY___ Cloud Storage Command Line Tool (Platform Specific)
2019-09-24 12:49:38,725 INFO     ___FILE_ONLY___  
2019-09-24 12:49:38,725 INFO     ___FILE_ONLY___ │ 
2019-09-24 12:49:38,725 INFO     ___FILE_ONLY___       4.42
2019-09-24 12:49:38,725 INFO     ___FILE_ONLY___  
2019-09-24 12:49:38,725 INFO     ___FILE_ONLY___ │ 
2019-09-24 12:49:38,725 INFO     ___FILE_ONLY___ < 1 MiB
2019-09-24 12:49:38,725 INFO     ___FILE_ONLY___  
2019-09-24 12:49:38,726 INFO     ___FILE_ONLY___ │
2019-09-24 12:49:38,726 INFO     ___FILE_ONLY___ 

2019-09-24 12:49:38,726 INFO     ___FILE_ONLY___ │ 
2019-09-24 12:49:38,726 INFO     ___FILE_ONLY___ Default set of gcloud commands                     
2019-09-24 12:49:38,726 INFO     ___FILE_ONLY___  
2019-09-24 12:49:38,726 INFO     ___FILE_ONLY___ │ 
2019-09-24 12:49:38,726 INFO     ___FILE_ONLY___           
2019-09-24 12:49:38,727 INFO     ___FILE_ONLY___  
2019-09-24 12:49:38,727 INFO     ___FILE_ONLY___ │ 
2019-09-24 12:49:38,727 INFO     ___FILE_ONLY___        
2019-09-24 12:49:38,727 INFO     ___FILE_ONLY___  
2019-09-24 12:49:38,727 INFO     ___FILE_ONLY___ │
2019-09-24 12:49:38,727 INFO     ___FILE_ONLY___ 

2019-09-24 12:49:38,727 INFO     ___FILE_ONLY___ │ 
2019-09-24 12:49:38,727 INFO     ___FILE_ONLY___ gcloud cli dependencies                            
2019-09-24 12:49:38,727 INFO     ___FILE_ONLY___  
2019-09-24 12:49:38,727 INFO     ___FILE_ONLY___ │ 
2019-09-24 12:49:38,727 INFO     ___FILE_ONLY___ 2018.08.03
2019-09-24 12:49:38,727 INFO     ___FILE_ONLY___  
2019-09-24 12:49:38,727 INFO     ___FILE_ONLY___ │ 
2019-09-24 12:49:38,727 INFO     ___FILE_ONLY___ 1.5 MiB
2019-09-24 12:49:38,728 INFO     ___FILE_ONLY___  
2019-09-24 12:49:38,728 INFO     ___FILE_ONLY___ │
2019-09-24 12:49:38,728 INFO     ___FILE_ONLY___ 

2019-09-24 12:49:38,728 INFO     ___FILE_ONLY___ └─────────────────────────────────────────────────────┴────────────┴─────────┘
2019-09-24 12:49:38,728 INFO     ___FILE_ONLY___ 

2019-09-24 12:49:38,728 INFO     ___FILE_ONLY___ 

2019-09-24 12:49:38,837 INFO     ___FILE_ONLY___ For the latest full release notes, please visit:
  https://cloud.google.com/sdk/release_notes


2019-09-24 12:49:38,837 INFO     ___FILE_ONLY___ ╔════════════════════════════════════════════════════════════╗

2019-09-24 12:49:38,837 INFO     ___FILE_ONLY___ ╠═ Creating update staging area                             ═╣

2019-09-24 12:49:38,838 INFO     ___FILE_ONLY___ ╚
2019-09-24 12:49:38,838 INFO     ___FILE_ONLY___ ══════
2019-09-24 12:49:38,838 INFO     ___FILE_ONLY___ ══════
2019-09-24 12:49:38,838 INFO     ___FILE_ONLY___ ══════
2019-09-24 12:49:38,915 INFO     ___FILE_ONLY___ ═
2019-09-24 12:49:39,032 INFO     ___FILE_ONLY___ ═
2019-09-24 12:49:39,138 INFO     ___FILE_ONLY___ ═
2019-09-24 12:49:39,179 INFO     ___FILE_ONLY___ ═
2019-09-24 12:49:39,218 INFO     ___FILE_ONLY___ ═
2019-09-24 12:49:39,253 INFO     ___FILE_ONLY___ ═
2019-09-24 12:49:39,280 INFO     ___FILE_ONLY___ ═
2019-09-24 12:49:39,323 INFO     ___FILE_ONLY___ ═
2019-09-24 12:49:39,361 INFO     ___FILE_ONLY___ ═
2019-09-24 12:49:39,406 INFO     ___FILE_ONLY___ ═
2019-09-24 12:49:39,451 INFO     ___FILE_ONLY___ ═
2019-09-24 12:49:39,509 INFO     ___FILE_ONLY___ ═
2019-09-24 12:49:39,553 INFO     ___FILE_ONLY___ ═
2019-09-24 12:49:39,614 INFO     ___FILE_ONLY___ ═
2019-09-24 12:49:39,695 INFO     ___FILE_ONLY___ ═
2019-09-24 12:49:39,774 INFO     ___FILE_ONLY___ ═
2019-09-24 12:49:39,822 INFO     ___FILE_ONLY___ ═
2019-09-24 12:49:39,884 INFO     ___FILE_ONLY___ ═
2019-09-24 12:49:39,933 INFO     ___FILE_ONLY___ ═
2019-09-24 12:49:39,982 INFO     ___FILE_ONLY___ ═
2019-09-24 12:49:40,067 INFO     ___FILE_ONLY___ ═
2019-09-24 12:49:40,121 INFO     ___FILE_ONLY___ ═
2019-09-24 12:49:40,173 INFO     ___FILE_ONLY___ ═
2019-09-24 12:49:40,228 INFO     ___FILE_ONLY___ ═
2019-09-24 12:49:40,269 INFO     ___FILE_ONLY___ ═
2019-09-24 12:49:40,316 INFO     ___FILE_ONLY___ ═
2019-09-24 12:49:40,367 INFO     ___FILE_ONLY___ ═
2019-09-24 12:49:40,412 INFO     ___FILE_ONLY___ ═
2019-09-24 12:49:40,454 INFO     ___FILE_ONLY___ ═
2019-09-24 12:49:40,516 INFO     ___FILE_ONLY___ ═
2019-09-24 12:49:40,580 INFO     ___FILE_ONLY___ ═
2019-09-24 12:49:40,651 INFO     ___FILE_ONLY___ ═
2019-09-24 12:49:40,700 INFO     ___FILE_ONLY___ ═
2019-09-24 12:49:40,745 INFO     ___FILE_ONLY___ ═
2019-09-24 12:49:40,784 INFO     ___FILE_ONLY___ ═
2019-09-24 12:49:40,835 INFO     ___FILE_ONLY___ ═
2019-09-24 12:49:40,918 INFO     ___FILE_ONLY___ ═
2019-09-24 12:49:41,045 INFO     ___FILE_ONLY___ ═
2019-09-24 12:49:41,202 INFO     ___FILE_ONLY___ ═
2019-09-24 12:49:41,299 INFO     ___FILE_ONLY___ ═
2019-09-24 12:49:41,383 INFO     ___FILE_ONLY___ ═
2019-09-24 12:49:41,893 INFO     ___FILE_ONLY___ ═
2019-09-24 12:49:41,893 INFO     ___FILE_ONLY___ ╝
2019-09-24 12:49:41,895 INFO     ___FILE_ONLY___ ╠════════════════════════════════════════════════════════════╣

2019-09-24 12:49:41,895 INFO     ___FILE_ONLY___ ╠═ Installing: BigQuery Command Line Tool                   ═╣

2019-09-24 12:49:41,895 INFO     ___FILE_ONLY___ ╚
2019-09-24 12:49:42,252 INFO     ___FILE_ONLY___ ═
2019-09-24 12:49:42,255 INFO     ___FILE_ONLY___ ═
2019-09-24 12:49:42,258 INFO     ___FILE_ONLY___ ═
2019-09-24 12:49:42,261 INFO     ___FILE_ONLY___ ═
2019-09-24 12:49:42,265 INFO     ___FILE_ONLY___ ═
2019-09-24 12:49:42,268 INFO     ___FILE_ONLY___ ═
2019-09-24 12:49:42,270 INFO     ___FILE_ONLY___ ═
2019-09-24 12:49:42,271 INFO     ___FILE_ONLY___ ═
2019-09-24 12:49:42,272 INFO     ___FILE_ONLY___ ═
2019-09-24 12:49:42,272 INFO     ___FILE_ONLY___ ═
2019-09-24 12:49:42,277 INFO     ___FILE_ONLY___ ═
2019-09-24 12:49:42,278 INFO     ___FILE_ONLY___ ═
2019-09-24 12:49:42,278 INFO     ___FILE_ONLY___ ═
2019-09-24 12:49:42,282 INFO     ___FILE_ONLY___ ═
2019-09-24 12:49:42,282 INFO     ___FILE_ONLY___ ═
2019-09-24 12:49:42,283 INFO     ___FILE_ONLY___ ═
2019-09-24 12:49:42,285 INFO     ___FILE_ONLY___ ═
2019-09-24 12:49:42,286 INFO     ___FILE_ONLY___ ═
2019-09-24 12:49:42,289 INFO     ___FILE_ONLY___ ═
2019-09-24 12:49:42,289 INFO     ___FILE_ONLY___ ═
2019-09-24 12:49:42,299 INFO     ___FILE_ONLY___ ═
2019-09-24 12:49:42,300 INFO     ___FILE_ONLY___ ═
2019-09-24 12:49:42,300 INFO     ___FILE_ONLY___ ═
2019-09-24 12:49:42,319 INFO     ___FILE_ONLY___ ═
2019-09-24 12:49:42,319 INFO     ___FILE_ONLY___ ═
2019-09-24 12:49:42,321 INFO     ___FILE_ONLY___ ═
2019-09-24 12:49:42,322 INFO     ___FILE_ONLY___ ═
2019-09-24 12:49:42,322 INFO     ___FILE_ONLY___ ═
2019-09-24 12:49:42,323 INFO     ___FILE_ONLY___ ═
2019-09-24 12:49:42,324 INFO     ___FILE_ONLY___ ═
2019-09-24 12:49:42,361 INFO     ___FILE_ONLY___ ═
2019-09-24 12:49:42,364 INFO     ___FILE_ONLY___ ═
2019-09-24 12:49:42,367 INFO     ___FILE_ONLY___ ═
2019-09-24 12:49:42,370 INFO     ___FILE_ONLY___ ═
2019-09-24 12:49:42,372 INFO     ___FILE_ONLY___ ═
2019-09-24 12:49:42,375 INFO     ___FILE_ONLY___ ═
2019-09-24 12:49:42,378 INFO     ___FILE_ONLY___ ═
2019-09-24 12:49:42,380 INFO     ___FILE_ONLY___ ═
2019-09-24 12:49:42,383 INFO     ___FILE_ONLY___ ═
2019-09-24 12:49:42,386 INFO     ___FILE_ONLY___ ═
2019-09-24 12:49:42,391 INFO     ___FILE_ONLY___ ═
2019-09-24 12:49:42,393 INFO     ___FILE_ONLY___ ═
2019-09-24 12:49:42,397 INFO     ___FILE_ONLY___ ═
2019-09-24 12:49:42,400 INFO     ___FILE_ONLY___ ═
2019-09-24 12:49:42,402 INFO     ___FILE_ONLY___ ═
2019-09-24 12:49:42,405 INFO     ___FILE_ONLY___ ═
2019-09-24 12:49:42,408 INFO     ___FILE_ONLY___ ═
2019-09-24 12:49:42,411 INFO     ___FILE_ONLY___ ═
2019-09-24 12:49:42,413 INFO     ___FILE_ONLY___ ═
2019-09-24 12:49:42,417 INFO     ___FILE_ONLY___ ═
2019-09-24 12:49:42,421 INFO     ___FILE_ONLY___ ═
2019-09-24 12:49:42,425 INFO     ___FILE_ONLY___ ═
2019-09-24 12:49:42,427 INFO     ___FILE_ONLY___ ═
2019-09-24 12:49:42,430 INFO     ___FILE_ONLY___ ═
2019-09-24 12:49:42,432 INFO     ___FILE_ONLY___ ═
2019-09-24 12:49:42,436 INFO     ___FILE_ONLY___ ═
2019-09-24 12:49:42,440 INFO     ___FILE_ONLY___ ═
2019-09-24 12:49:42,443 INFO     ___FILE_ONLY___ ═
2019-09-24 12:49:42,448 INFO     ___FILE_ONLY___ ═
2019-09-24 12:49:42,454 INFO     ___FILE_ONLY___ ═
2019-09-24 12:49:42,455 INFO     ___FILE_ONLY___ ╝
2019-09-24 12:49:42,460 INFO     ___FILE_ONLY___ ╠════════════════════════════════════════════════════════════╣

2019-09-24 12:49:42,460 INFO     ___FILE_ONLY___ ╠═ Installing: BigQuery Command Line Tool (Platform Spec... ═╣

2019-09-24 12:49:42,460 INFO     ___FILE_ONLY___ ╚
2019-09-24 12:49:42,810 INFO     ___FILE_ONLY___ ══════════════════════════════
2019-09-24 12:49:42,811 INFO     ___FILE_ONLY___ ═══════════════
2019-09-24 12:49:42,811 INFO     ___FILE_ONLY___ ═══════════════
2019-09-24 12:49:42,811 INFO     ___FILE_ONLY___ ╝
2019-09-24 12:49:42,814 INFO     ___FILE_ONLY___ ╠════════════════════════════════════════════════════════════╣

2019-09-24 12:49:42,814 INFO     ___FILE_ONLY___ ╠═ Installing: Cloud SDK Core Libraries (Platform Specific) ═╣

2019-09-24 12:49:42,814 INFO     ___FILE_ONLY___ ╚
2019-09-24 12:49:42,875 INFO     ___FILE_ONLY___ ══════════════════════════════
2019-09-24 12:49:42,876 INFO     ___FILE_ONLY___ ══════════
2019-09-24 12:49:42,877 INFO     ___FILE_ONLY___ ═════════
2019-09-24 12:49:42,877 INFO     ___FILE_ONLY___ ═══════════
2019-09-24 12:49:42,877 INFO     ___FILE_ONLY___ ╝
2019-09-24 12:49:42,880 INFO     ___FILE_ONLY___ ╠════════════════════════════════════════════════════════════╣

2019-09-24 12:49:42,880 INFO     ___FILE_ONLY___ ╠═ Installing: Cloud Storage Command Line Tool              ═╣

2019-09-24 12:49:42,881 INFO     ___FILE_ONLY___ ╚
2019-09-24 12:49:42,964 INFO     ___FILE_ONLY___ ═
2019-09-24 12:49:42,974 INFO     ___FILE_ONLY___ ═
2019-09-24 12:49:42,982 INFO     ___FILE_ONLY___ ═
2019-09-24 12:49:43,405 INFO     ___FILE_ONLY___ ═
2019-09-24 12:49:43,411 INFO     ___FILE_ONLY___ ═
2019-09-24 12:49:43,419 INFO     ___FILE_ONLY___ ═
2019-09-24 12:49:43,427 INFO     ___FILE_ONLY___ ═
2019-09-24 12:49:43,435 INFO     ___FILE_ONLY___ ═
2019-09-24 12:49:43,439 INFO     ___FILE_ONLY___ ═
2019-09-24 12:49:43,440 INFO     ___FILE_ONLY___ ═
2019-09-24 12:49:43,444 INFO     ___FILE_ONLY___ ═
2019-09-24 12:49:43,449 INFO     ___FILE_ONLY___ ═
2019-09-24 12:49:43,459 INFO     ___FILE_ONLY___ ═
2019-09-24 12:49:43,461 INFO     ___FILE_ONLY___ ═
2019-09-24 12:49:43,464 INFO     ___FILE_ONLY___ ═
2019-09-24 12:49:43,465 INFO     ___FILE_ONLY___ ═
2019-09-24 12:49:43,475 INFO     ___FILE_ONLY___ ═
2019-09-24 12:49:43,500 INFO     ___FILE_ONLY___ ═
2019-09-24 12:49:43,507 INFO     ___FILE_ONLY___ ═
2019-09-24 12:49:43,509 INFO     ___FILE_ONLY___ ═
2019-09-24 12:49:43,510 INFO     ___FILE_ONLY___ ═
2019-09-24 12:49:43,511 INFO     ___FILE_ONLY___ ═
2019-09-24 12:49:43,515 INFO     ___FILE_ONLY___ ═
2019-09-24 12:49:43,796 INFO     ___FILE_ONLY___ ═
2019-09-24 12:49:43,814 INFO     ___FILE_ONLY___ ═
2019-09-24 12:49:43,819 INFO     ___FILE_ONLY___ ═
2019-09-24 12:49:43,869 INFO     ___FILE_ONLY___ ═
2019-09-24 12:49:43,901 INFO     ___FILE_ONLY___ ═
2019-09-24 12:49:43,905 INFO     ___FILE_ONLY___ ═
2019-09-24 12:49:43,909 INFO     ___FILE_ONLY___ ═
2019-09-24 12:49:44,290 INFO     ___FILE_ONLY___ ═
2019-09-24 12:49:44,330 INFO     ___FILE_ONLY___ ═
2019-09-24 12:49:44,366 INFO     ___FILE_ONLY___ ═
2019-09-24 12:49:44,385 INFO     ___FILE_ONLY___ ═
2019-09-24 12:49:44,412 INFO     ___FILE_ONLY___ ═
2019-09-24 12:49:44,433 INFO     ___FILE_ONLY___ ═
2019-09-24 12:49:44,463 INFO     ___FILE_ONLY___ ═
2019-09-24 12:49:44,485 INFO     ___FILE_ONLY___ ═
2019-09-24 12:49:44,512 INFO     ___FILE_ONLY___ ═
2019-09-24 12:49:44,541 INFO     ___FILE_ONLY___ ═
2019-09-24 12:49:44,565 INFO     ___FILE_ONLY___ ═
2019-09-24 12:49:44,593 INFO     ___FILE_ONLY___ ═
2019-09-24 12:49:44,623 INFO     ___FILE_ONLY___ ═
2019-09-24 12:49:44,653 INFO     ___FILE_ONLY___ ═
2019-09-24 12:49:44,677 INFO     ___FILE_ONLY___ ═
2019-09-24 12:49:44,711 INFO     ___FILE_ONLY___ ═
2019-09-24 12:49:44,733 INFO     ___FILE_ONLY___ ═
2019-09-24 12:49:44,763 INFO     ___FILE_ONLY___ ═
2019-09-24 12:49:44,783 INFO     ___FILE_ONLY___ ═
2019-09-24 12:49:44,804 INFO     ___FILE_ONLY___ ═
2019-09-24 12:49:44,824 INFO     ___FILE_ONLY___ ═
2019-09-24 12:49:44,845 INFO     ___FILE_ONLY___ ═
2019-09-24 12:49:44,867 INFO     ___FILE_ONLY___ ═
2019-09-24 12:49:44,890 INFO     ___FILE_ONLY___ ═
2019-09-24 12:49:44,919 INFO     ___FILE_ONLY___ ═
2019-09-24 12:49:44,943 INFO     ___FILE_ONLY___ ═
2019-09-24 12:49:44,963 INFO     ___FILE_ONLY___ ═
2019-09-24 12:49:44,984 INFO     ___FILE_ONLY___ ═
2019-09-24 12:49:45,022 INFO     ___FILE_ONLY___ ═
2019-09-24 12:49:45,054 INFO     ___FILE_ONLY___ ═
2019-09-24 12:49:45,055 INFO     ___FILE_ONLY___ ╝
2019-09-24 12:49:45,099 INFO     ___FILE_ONLY___ ╠════════════════════════════════════════════════════════════╣

2019-09-24 12:49:45,099 INFO     ___FILE_ONLY___ ╠═ Installing: Cloud Storage Command Line Tool (Platform... ═╣

2019-09-24 12:49:45,099 INFO     ___FILE_ONLY___ ╚
2019-09-24 12:49:45,353 INFO     ___FILE_ONLY___ ══════════════════════════════
2019-09-24 12:49:45,354 INFO     ___FILE_ONLY___ ═══════════════
2019-09-24 12:49:45,355 INFO     ___FILE_ONLY___ ═══════════════
2019-09-24 12:49:45,355 INFO     ___FILE_ONLY___ ╝
2019-09-24 12:49:45,358 INFO     ___FILE_ONLY___ ╠════════════════════════════════════════════════════════════╣

2019-09-24 12:49:45,358 INFO     ___FILE_ONLY___ ╠═ Installing: Default set of gcloud commands               ═╣

2019-09-24 12:49:45,358 INFO     ___FILE_ONLY___ ╚
2019-09-24 12:49:45,360 INFO     ___FILE_ONLY___ ════════════════════════════════════════════════════════════
2019-09-24 12:49:45,360 INFO     ___FILE_ONLY___ ╝
2019-09-24 12:49:45,361 INFO     ___FILE_ONLY___ ╠════════════════════════════════════════════════════════════╣

2019-09-24 12:49:45,361 INFO     ___FILE_ONLY___ ╠═ Installing: gcloud cli dependencies                      ═╣

2019-09-24 12:49:45,361 INFO     ___FILE_ONLY___ ╚
2019-09-24 12:49:45,434 INFO     ___FILE_ONLY___ ═
2019-09-24 12:49:45,461 INFO     ___FILE_ONLY___ ═
2019-09-24 12:49:45,462 INFO     ___FILE_ONLY___ ═
2019-09-24 12:49:45,472 INFO     ___FILE_ONLY___ ═
2019-09-24 12:49:45,477 INFO     ___FILE_ONLY___ ═
2019-09-24 12:49:45,479 INFO     ___FILE_ONLY___ ═
2019-09-24 12:49:45,487 INFO     ___FILE_ONLY___ ═
2019-09-24 12:49:45,493 INFO     ___FILE_ONLY___ ═
2019-09-24 12:49:45,502 INFO     ___FILE_ONLY___ ═
2019-09-24 12:49:45,504 INFO     ___FILE_ONLY___ ═
2019-09-24 12:49:45,518 INFO     ___FILE_ONLY___ ═
2019-09-24 12:49:45,524 INFO     ___FILE_ONLY___ ═
2019-09-24 12:49:45,528 INFO     ___FILE_ONLY___ ═
2019-09-24 12:49:45,533 INFO     ___FILE_ONLY___ ═
2019-09-24 12:49:45,541 INFO     ___FILE_ONLY___ ═
2019-09-24 12:49:45,544 INFO     ___FILE_ONLY___ ═
2019-09-24 12:49:45,547 INFO     ___FILE_ONLY___ ═
2019-09-24 12:49:45,554 INFO     ___FILE_ONLY___ ═
2019-09-24 12:49:45,558 INFO     ___FILE_ONLY___ ═
2019-09-24 12:49:45,562 INFO     ___FILE_ONLY___ ═
2019-09-24 12:49:45,567 INFO     ___FILE_ONLY___ ═
2019-09-24 12:49:45,572 INFO     ___FILE_ONLY___ ═
2019-09-24 12:49:45,576 INFO     ___FILE_ONLY___ ═
2019-09-24 12:49:45,579 INFO     ___FILE_ONLY___ ═
2019-09-24 12:49:45,583 INFO     ___FILE_ONLY___ ═
2019-09-24 12:49:45,588 INFO     ___FILE_ONLY___ ═
2019-09-24 12:49:45,592 INFO     ___FILE_ONLY___ ═
2019-09-24 12:49:45,596 INFO     ___FILE_ONLY___ ═
2019-09-24 12:49:45,602 INFO     ___FILE_ONLY___ ═
2019-09-24 12:49:45,606 INFO     ___FILE_ONLY___ ═
2019-09-24 12:49:45,757 INFO     ___FILE_ONLY___ ═
2019-09-24 12:49:45,758 INFO     ___FILE_ONLY___ ═
2019-09-24 12:49:45,759 INFO     ___FILE_ONLY___ ═
2019-09-24 12:49:45,761 INFO     ___FILE_ONLY___ ═
2019-09-24 12:49:45,762 INFO     ___FILE_ONLY___ ═
2019-09-24 12:49:45,763 INFO     ___FILE_ONLY___ ═
2019-09-24 12:49:45,764 INFO     ___FILE_ONLY___ ═
2019-09-24 12:49:45,764 INFO     ___FILE_ONLY___ ═
2019-09-24 12:49:45,765 INFO     ___FILE_ONLY___ ═
2019-09-24 12:49:45,766 INFO     ___FILE_ONLY___ ═
2019-09-24 12:49:45,767 INFO     ___FILE_ONLY___ ═
2019-09-24 12:49:45,768 INFO     ___FILE_ONLY___ ═
2019-09-24 12:49:45,768 INFO     ___FILE_ONLY___ ═
2019-09-24 12:49:45,769 INFO     ___FILE_ONLY___ ═
2019-09-24 12:49:45,769 INFO     ___FILE_ONLY___ ═
2019-09-24 12:49:45,770 INFO     ___FILE_ONLY___ ═
2019-09-24 12:49:45,771 INFO     ___FILE_ONLY___ ═
2019-09-24 12:49:45,772 INFO     ___FILE_ONLY___ ═
2019-09-24 12:49:45,773 INFO     ___FILE_ONLY___ ═
2019-09-24 12:49:45,774 INFO     ___FILE_ONLY___ ═
2019-09-24 12:49:45,775 INFO     ___FILE_ONLY___ ═
2019-09-24 12:49:45,776 INFO     ___FILE_ONLY___ ═
2019-09-24 12:49:45,776 INFO     ___FILE_ONLY___ ═
2019-09-24 12:49:45,777 INFO     ___FILE_ONLY___ ═
2019-09-24 12:49:45,819 INFO     ___FILE_ONLY___ ═
2019-09-24 12:49:45,820 INFO     ___FILE_ONLY___ ═
2019-09-24 12:49:45,823 INFO     ___FILE_ONLY___ ═
2019-09-24 12:49:45,824 INFO     ___FILE_ONLY___ ═
2019-09-24 12:49:45,826 INFO     ___FILE_ONLY___ ═
2019-09-24 12:49:45,827 INFO     ___FILE_ONLY___ ═
2019-09-24 12:49:45,827 INFO     ___FILE_ONLY___ ╝
2019-09-24 12:49:45,830 INFO     ___FILE_ONLY___ ╠════════════════════════════════════════════════════════════╣

2019-09-24 12:49:45,831 INFO     ___FILE_ONLY___ ╠═ Creating backup and activating new installation          ═╣

2019-09-24 12:49:45,831 INFO     ___FILE_ONLY___ ╚
2019-09-24 12:49:45,831 DEBUG    root            Attempting to move directory [/Users/fan/google-cloud-sdk] to [/Users/fan/google-cloud-sdk.staging/.install/.backup]
2019-09-24 12:49:45,831 INFO     ___FILE_ONLY___ ══════════════════════════════
2019-09-24 12:49:45,832 DEBUG    root            Attempting to move directory [/Users/fan/google-cloud-sdk.staging] to [/Users/fan/google-cloud-sdk]
2019-09-24 12:49:45,832 INFO     ___FILE_ONLY___ ══════════════════════════════
2019-09-24 12:49:45,832 INFO     ___FILE_ONLY___ ╝

2019-09-24 12:49:45,836 DEBUG    root            Updating notification cache...
2019-09-24 12:49:45,836 INFO     ___FILE_ONLY___ 

2019-09-24 12:49:45,837 INFO     ___FILE_ONLY___ Performing post processing steps...
2019-09-24 12:49:45,837 DEBUG    root            Executing command: ['/usr/local/Cellar/python@2/2.7.16/Frameworks/Python.framework/Versions/2.7/Resources/Python.app/Contents/MacOS/Python', u'-S', u'/Users/fan/google-cloud-sdk/lib/gcloud.py', u'components', u'post-process']
2019-09-24 12:49:58,856 DEBUG    ___FILE_ONLY___ 
2019-09-24 12:49:58,857 DEBUG    ___FILE_ONLY___ 
2019-09-24 12:49:58,981 INFO     ___FILE_ONLY___ 
Update done!


2019-09-24 12:49:59,002 INFO     root            Display format: "none"
2019-09-24 12:49:59,004 INFO     ___FILE_ONLY___ 

To take a quick anonymous survey, run:
  $ gcloud alpha survey


