2019-09-24 12:50:53,166 DEBUG    root            Loaded Command Group: [u'gcloud', u'init']
2019-09-24 12:50:53,169 DEBUG    root            Running [gcloud.init] with arguments: []
2019-09-24 12:50:53,169 INFO     ___FILE_ONLY___ Welcome! This command will take you through the configuration of gcloud.


2019-09-24 12:50:53,170 INFO     ___FILE_ONLY___ Your current configuration has been set to: [default]


2019-09-24 12:50:53,170 INFO     ___FILE_ONLY___ You can skip diagnostics next time by using the following flag:

2019-09-24 12:50:53,170 INFO     ___FILE_ONLY___   gcloud init --skip-diagnostics


2019-09-24 12:50:53,170 INFO     ___FILE_ONLY___ Network diagnostic detects and fixes local network connection issues.

2019-09-24 12:50:53,171 INFO     ___FILE_ONLY___ Checking network connection...
2019-09-24 12:50:55,421 INFO     ___FILE_ONLY___ Reachability Check passed.

2019-09-24 12:50:55,421 INFO     ___FILE_ONLY___ Network diagnostic passed (1/1 checks passed).


2019-09-24 12:51:27,231 DEBUG    root            Loaded Command Group: [u'gcloud', u'auth']
2019-09-24 12:51:27,260 DEBUG    root            Loaded Command Group: [u'gcloud', u'auth', u'login']
2019-09-24 12:51:27,261 INFO     root            Executing: [gcloud auth login --force --brief]
2019-09-24 12:51:27,263 DEBUG    root            Running [gcloud.auth.login] with arguments: [--brief: "True", --force: "True"]
2019-09-24 12:51:27,836 INFO     ___FILE_ONLY___ Your browser has been opened to visit:

    https://accounts.google.com/o/oauth2/auth?code_challenge=aeVxbnd_dvSGH8xu7EsC9GaPX9y26jOsudHj-RYugjc&prompt=select_account&code_challenge_method=S256&access_type=offline&redirect_uri=http%3A%2F%2Flocalhost%3A8085%2F&response_type=code&client_id=32555940559.apps.googleusercontent.com&scope=https%3A%2F%2Fwww.googleapis.com%2Fauth%2Fuserinfo.email+https%3A%2F%2Fwww.googleapis.com%2Fauth%2Fcloud-platform+https%3A%2F%2Fwww.googleapis.com%2Fauth%2Fappengine.admin+https%3A%2F%2Fwww.googleapis.com%2Fauth%2Fcompute+https%3A%2F%2Fwww.googleapis.com%2Fauth%2Faccounts.reauth



2019-09-24 12:51:40,039 INFO     oauth2client.client Successfully retrieved access token
2019-09-24 12:51:40,051 INFO     root            Display format: "none"
2019-09-24 12:51:40,065 INFO     ___FILE_ONLY___ You are logged in as: [15952005286chandler@gmail.com].


2019-09-24 12:52:00,853 INFO     ___FILE_ONLY___ Your current project has been set to: [trans-trees-186116].


2019-09-24 12:52:00,965 DEBUG    root            Loaded Command Group: [u'gcloud', u'compute']
2019-09-24 12:52:00,968 DEBUG    root            Loaded Command Group: [u'gcloud', u'compute', u'project_info']
2019-09-24 12:52:00,981 DEBUG    root            Loaded Command Group: [u'gcloud', u'compute', u'project-info', u'describe']
2019-09-24 12:52:00,982 INFO     root            Executing: [gcloud compute project-info describe --quiet]
2019-09-24 12:52:00,985 DEBUG    root            Running [gcloud.compute.project-info.describe] with arguments: [--no-user-output-enabled: "false", --quiet: "True", --verbosity: "none"]
2019-09-24 12:52:02,448 DEBUG    root            (gcloud.compute.project-info.describe) HTTPError 403: Access Not Configured. Compute Engine API has not been used in project 913592102635 before or it is disabled. Enable it by visiting https://console.developers.google.com/apis/api/compute.googleapis.com/overview?project=913592102635 then retry. If you enabled this API recently, wait a few minutes for the action to propagate to our systems and retry.
Traceback (most recent call last):
  File "/Users/fan/google-cloud-sdk/lib/googlecloudsdk/calliope/cli.py", line 983, in Execute
    resources = calliope_command.Run(cli=self, args=args)
  File "/Users/fan/google-cloud-sdk/lib/googlecloudsdk/calliope/backend.py", line 784, in Run
    resources = command_instance.Run(args)
  File "/Users/fan/google-cloud-sdk/lib/surface/compute/project_info/describe.py", line 39, in Run
    project=project_ref.projectId))])[0]
  File "/Users/fan/google-cloud-sdk/lib/googlecloudsdk/api_lib/compute/client_adapter.py", line 94, in MakeRequests
    followup_overrides=followup_overrides))
  File "/Users/fan/google-cloud-sdk/lib/googlecloudsdk/api_lib/compute/request_helper.py", line 255, in MakeRequests
    requests=requests, http=http, batch_url=batch_url)
  File "/Users/fan/google-cloud-sdk/lib/googlecloudsdk/api_lib/compute/batch_helper.py", line 106, in MakeRequests
    batch_request_callback=batch_checker.BatchCheck)
  File "/Users/fan/google-cloud-sdk/lib/third_party/apitools/base/py/batch.py", line 226, in Execute
    batch_http_request.Execute(http)
  File "/Users/fan/google-cloud-sdk/lib/third_party/apitools/base/py/batch.py", line 506, in Execute
    self.__callback(response, exception)
  File "/Users/fan/google-cloud-sdk/lib/googlecloudsdk/api_lib/compute/batch_helper.py", line 73, in BatchCheck
    is_batch_request=True)
  File "/Users/fan/google-cloud-sdk/lib/googlecloudsdk/api_lib/util/apis.py", line 240, in PromptToEnableApi
    raise exception
HttpException: HTTPError 403: Access Not Configured. Compute Engine API has not been used in project 913592102635 before or it is disabled. Enable it by visiting https://console.developers.google.com/apis/api/compute.googleapis.com/overview?project=913592102635 then retry. If you enabled this API recently, wait a few minutes for the action to propagate to our systems and retry.
2019-09-24 12:52:02,460 ERROR    root            (gcloud.compute.project-info.describe) HTTPError 403: Access Not Configured. Compute Engine API has not been used in project 913592102635 before or it is disabled. Enable it by visiting https://console.developers.google.com/apis/api/compute.googleapis.com/overview?project=913592102635 then retry. If you enabled this API recently, wait a few minutes for the action to propagate to our systems and retry.
2019-09-24 12:52:02,460 INFO     root            [compute project-info describe --quiet] has failed

2019-09-24 12:52:02,461 INFO     ___FILE_ONLY___ Not setting default zone/region (this feature makes it easier to use
[gcloud compute] by setting an appropriate default value for the
--zone and --region flag).
See https://cloud.google.com/compute/docs/gcloud-compute section on how to set
default compute region and zone manually. If you would like [gcloud init] to be
able to do this for you the next time you run it, make sure the
Compute Engine API is enabled for your project on the
https://console.developers.google.com/apis page.


2019-09-24 12:52:02,461 DEBUG    root            Executing command: [u'/Users/fan/google-cloud-sdk/bin/gsutil', u'config', u'-n', u'-o', u'/Users/fan/.boto']
2019-09-24 12:52:04,331 DEBUG    ___FILE_ONLY___ 
2019-09-24 12:52:04,332 DEBUG    ___FILE_ONLY___ This command will create a boto config file at /Users/fan/.boto
containing your credentials, based on your responses to the following
questions.

Boto config file "/Users/fan/.boto" created. If you need to use a
proxy to access the Internet please see the instructions in that file.

2019-09-24 12:52:04,332 INFO     ___FILE_ONLY___ Created a default .boto configuration file at [/Users/fan/.boto]. See this file and
[https://cloud.google.com/storage/docs/gsutil/commands/config] for more
information about configuring Google Cloud Storage.

2019-09-24 12:52:04,332 INFO     ___FILE_ONLY___ Your Google Cloud SDK is configured and ready to use!


2019-09-24 12:52:04,332 INFO     ___FILE_ONLY___ * Commands that require authentication will use 15952005286chandler@gmail.com by default

2019-09-24 12:52:04,333 INFO     ___FILE_ONLY___ * Commands will reference project `trans-trees-186116` by default

2019-09-24 12:52:04,334 INFO     ___FILE_ONLY___ Run `gcloud help config` to learn how to change individual settings


2019-09-24 12:52:04,334 INFO     ___FILE_ONLY___ This gcloud configuration is called [default]. You can create additional configurations if you work with multiple accounts and/or projects.

2019-09-24 12:52:04,334 INFO     ___FILE_ONLY___ Run `gcloud topic configurations` to learn more.


2019-09-24 12:52:04,334 INFO     ___FILE_ONLY___ Some things to try next:


2019-09-24 12:52:04,335 INFO     ___FILE_ONLY___ * Run `gcloud --help` to see the Cloud Platform services you can interact with. And run `gcloud help COMMAND` to get help on any gcloud command.

2019-09-24 12:52:04,335 INFO     ___FILE_ONLY___ * Run `gcloud topic --help` to learn about advanced features of the SDK like arg files and output formatting

2019-09-24 12:52:04,339 INFO     root            Display format: "default"
